<?xml version="1.0" encoding="UTF-8"?>
<!-- Generated by org.testng.reporters.JUnitReportReporter -->
<testsuite skipped="0" hostname="Jay-PC" name="org.ca.webportal.testcases.TC004_CA_AddTeamForExisitingActivity" tests="1" failures="0" timestamp="2020-10-01T17:54:18 IST" time="63.259" errors="0">
  <testcase name="addActivity" time="63.259" classname="org.ca.webportal.testcases.TC004_CA_AddTeamForExisitingActivity"/>
</testsuite> <!-- org.ca.webportal.testcases.TC004_CA_AddTeamForExisitingActivity -->
