<?xml version="1.0" encoding="UTF-8"?>
<!-- Generated by org.testng.reporters.JUnitReportReporter -->
<testsuite skipped="0" hostname="DESKTOP-1K1DTO8" name="org.ca.webportal.testcases.TC002_CA_AddActivity" tests="1" failures="0" timestamp="2021-07-09T21:09:14 IST" time="0.045" errors="1">
  <testcase name="addActivity" time="0.045" classname="org.ca.webportal.testcases.TC002_CA_AddActivity">
    <error type="org.testng.internal.reflect.MethodMatcherException" message="
[public void org.ca.webportal.testcases.TC002_CA_AddActivity.addActivity(java.lang.String,java.lang.String,java.lang.String,java.lang.String,java.lang.String,java.lang.String) throws java.lang.InterruptedException,java.awt.AWTException] has no parameters defined but was found to be using a data provider (either explicitly specified or inherited from class level annotation).
Data provider mismatch
Method: addActivity([Parameter{index=0, type=java.lang.String, declaredAnnotations=[]}, Parameter{index=1, type=java.lang.String, declaredAnnotations=[]}, Parameter{index=2, type=java.lang.String, declaredAnnotations=[]}, Parameter{index=3, type=java.lang.String, declaredAnnotations=[]}, Parameter{index=4, type=java.lang.String, declaredAnnotations=[]}, Parameter{index=5, type=java.lang.String, declaredAnnotations=[]}])
Arguments: [(java.lang.String) http://concussion-admin-web-dev.s3-website-us-east-1.amazonaws.com/,(java.lang.String) santhoshnarendra@gmail.com,(java.lang.String) TESTtest123,(java.lang.String) Football,(java.lang.String) Yes,(java.lang.String) Right Field,Left Field,Center Field,First Base,Second Base, Thrid Base, Umpire,(java.lang.String) tigers,(java.lang.String) D:/IDC/Concussion app/Images/Red Raiders/Red Raiders Team logo.PNG,(java.lang.String) Jones AT&amp;T Stadium,(java.lang.String) tiger1,(java.lang.String) 01,(java.lang.String) tiger1@mail.com,(java.lang.String) India,(java.lang.String) 9856477621,(java.lang.String) D:/IDC/Concussion app/Images/Red Raiders/2_BRANDON BOUYER-RANDLE_LineBacker.PNG,(java.lang.String) Defense,(java.lang.String) Defender,(java.lang.String) Ready]">
      <![CDATA[org.testng.internal.reflect.MethodMatcherException: 
[public void org.ca.webportal.testcases.TC002_CA_AddActivity.addActivity(java.lang.String,java.lang.String,java.lang.String,java.lang.String,java.lang.String,java.lang.String) throws java.lang.InterruptedException,java.awt.AWTException] has no parameters defined but was found to be using a data provider (either explicitly specified or inherited from class level annotation).
Data provider mismatch
Method: addActivity([Parameter{index=0, type=java.lang.String, declaredAnnotations=[]}, Parameter{index=1, type=java.lang.String, declaredAnnotations=[]}, Parameter{index=2, type=java.lang.String, declaredAnnotations=[]}, Parameter{index=3, type=java.lang.String, declaredAnnotations=[]}, Parameter{index=4, type=java.lang.String, declaredAnnotations=[]}, Parameter{index=5, type=java.lang.String, declaredAnnotations=[]}])
Arguments: [(java.lang.String) http://concussion-admin-web-dev.s3-website-us-east-1.amazonaws.com/,(java.lang.String) santhoshnarendra@gmail.com,(java.lang.String) TESTtest123,(java.lang.String) Football,(java.lang.String) Yes,(java.lang.String) Right Field,Left Field,Center Field,First Base,Second Base, Thrid Base, Umpire,(java.lang.String) tigers,(java.lang.String) D:/IDC/Concussion app/Images/Red Raiders/Red Raiders Team logo.PNG,(java.lang.String) Jones AT&T Stadium,(java.lang.String) tiger1,(java.lang.String) 01,(java.lang.String) tiger1@mail.com,(java.lang.String) India,(java.lang.String) 9856477621,(java.lang.String) D:/IDC/Concussion app/Images/Red Raiders/2_BRANDON BOUYER-RANDLE_LineBacker.PNG,(java.lang.String) Defense,(java.lang.String) Defender,(java.lang.String) Ready]
at org.testng.internal.reflect.DataProviderMethodMatcher.getConformingArguments(DataProviderMethodMatcher.java:43)
at org.testng.internal.Parameters.injectParameters(Parameters.java:925)
at org.testng.internal.MethodRunner.runInSequence(MethodRunner.java:34)
at org.testng.internal.TestInvoker$MethodInvocationAgent.invoke(TestInvoker.java:804)
at org.testng.internal.TestInvoker.invokeTestMethods(TestInvoker.java:145)
at org.testng.internal.TestMethodWorker.invokeTestMethods(TestMethodWorker.java:146)
at org.testng.internal.TestMethodWorker.run(TestMethodWorker.java:128)
at java.util.ArrayList.forEach(Unknown Source)
at org.testng.TestRunner.privateRun(TestRunner.java:770)
at org.testng.TestRunner.run(TestRunner.java:591)
at org.testng.SuiteRunner.runTest(SuiteRunner.java:402)
at org.testng.SuiteRunner.runSequentially(SuiteRunner.java:396)
at org.testng.SuiteRunner.privateRun(SuiteRunner.java:355)
at org.testng.SuiteRunner.run(SuiteRunner.java:304)
at org.testng.SuiteRunnerWorker.runSuite(SuiteRunnerWorker.java:53)
at org.testng.SuiteRunnerWorker.run(SuiteRunnerWorker.java:96)
at org.testng.TestNG.runSuitesSequentially(TestNG.java:1180)
at org.testng.TestNG.runSuitesLocally(TestNG.java:1102)
at org.testng.TestNG.runSuites(TestNG.java:1032)
at org.testng.TestNG.run(TestNG.java:1000)
at org.testng.remote.AbstractRemoteTestNG.run(AbstractRemoteTestNG.java:115)
at org.testng.remote.RemoteTestNG.initAndRun(RemoteTestNG.java:251)
at org.testng.remote.RemoteTestNG.main(RemoteTestNG.java:77)
]]>
    </error>
  </testcase> <!-- addActivity -->
</testsuite> <!-- org.ca.webportal.testcases.TC002_CA_AddActivity -->
