<?xml version="1.0" encoding="UTF-8"?>
<!-- Generated by org.testng.reporters.JUnitReportReporter -->
<testsuite skipped="1" hostname="Jay-PC" name="org.ca.webportal.testcases.TC001_CA_Login" tests="1" failures="0" timestamp="2020-09-30T13:44:40 IST" time="0.000" errors="0">
  <testcase name="loginLogout" time="0.000" classname="org.ca.webportal.testcases.TC001_CA_Login">
    <skipped/>
  </testcase> <!-- loginLogout -->
</testsuite> <!-- org.ca.webportal.testcases.TC001_CA_Login -->
