<?xml version="1.0" encoding="UTF-8"?>
<!-- Generated by org.testng.reporters.JUnitReportReporter -->
<testsuite skipped="0" hostname="Jay-PC" name="org.ca.webportal.testcases.TC005_CA_AddNewActivityandAddTeamandAddPlayer" tests="1" failures="0" timestamp="2020-10-05T17:27:06 IST" time="125.672" errors="0">
  <testcase name="addActivity" time="125.672" classname="org.ca.webportal.testcases.TC005_CA_AddNewActivityandAddTeamandAddPlayer"/>
</testsuite> <!-- org.ca.webportal.testcases.TC005_CA_AddNewActivityandAddTeamandAddPlayer -->
